Sat Mar 29 21:45:50 UTC 2025
Sun Mar 30 13:02:40 UTC 2025
Mon Mar 31 13:34:23 UTC 2025
Tue Apr  1 13:36:17 UTC 2025
Wed Apr  2 13:34:01 UTC 2025
Thu Apr  3 13:18:18 UTC 2025
Fri Apr  4 13:17:16 UTC 2025
Sat Apr  5 13:02:08 UTC 2025
Sun Apr  6 13:02:31 UTC 2025
Mon Apr  7 13:35:42 UTC 2025
Tue Apr  8 13:35:05 UTC 2025
Wed Apr  9 13:37:13 UTC 2025
Thu Apr 10 13:34:40 UTC 2025
Fri Apr 11 13:18:05 UTC 2025
Sat Apr 12 13:02:22 UTC 2025
Sun Apr 13 13:03:53 UTC 2025
Mon Apr 14 13:36:18 UTC 2025
Tue Apr 15 13:36:20 UTC 2025
Wed Apr 16 13:34:59 UTC 2025
Thu Apr 17 13:18:33 UTC 2025
Fri Apr 18 13:15:34 UTC 2025
Sat Apr 19 13:02:36 UTC 2025
Sun Apr 20 13:14:04 UTC 2025
Mon Apr 21 13:17:29 UTC 2025
Tue Apr 22 13:35:02 UTC 2025
Wed Apr 23 13:35:51 UTC 2025
Thu Apr 24 13:36:33 UTC 2025
Fri Apr 25 13:33:33 UTC 2025
Sat Apr 26 13:04:05 UTC 2025
Sun Apr 27 13:04:23 UTC 2025
Mon Apr 28 13:49:52 UTC 2025
Tue Apr 29 13:44:20 UTC 2025
Wed Apr 30 12:35:24 UTC 2025
Thu May  1 12:35:00 UTC 2025
Fri May  2 12:35:09 UTC 2025
Sat May  3 12:32:35 UTC 2025
Sun May  4 12:33:09 UTC 2025
